# JRE version: Java(TM) SE Runtime Environment (8.0_144-b01) (build 1.8.0_144-b01)
# Java VM: Java HotSpot(TM) 64-Bit Server VM (25.144-b01 mixed mode linux-amd64 compressed oops)
Heap:
 PSYoungGen      total 378880K, used 37478K [0x000000076d380000, 0x000000078aa00000, 0x00000007c0000000)
  eden space 363520K, 6% used [0x000000076d380000,0x000000076ea4b0f8,0x0000000783680000)
  from space 15360K, 92% used [0x0000000783680000,0x000000078444e740,0x0000000784580000)
  to   space 16896K, 0% used [0x0000000789980000,0x0000000789980000,0x000000078aa00000)
 ParOldGen       total 161792K, used 21165K [0x00000006c7a00000, 0x00000006d1800000, 0x000000076d380000)
  object space 161792K, 13% used [0x00000006c7a00000,0x00000006c8eab4f0,0x00000006d1800000)
 Metaspace       used 52904K, capacity 53490K, committed 53976K, reserved 1095680K
  class space    used 6951K, capacity 7102K, committed 7168K, reserved 1048576K
GC Heap History (10 events):
Event: 5,702 GC heap before
{Heap before GC invocations=9 (full 1):
 PSYoungGen      total 203776K, used 200361K [0x000000076d380000, 0x000000077fd00000, 0x00000007c0000000)
  eden space 193536K, 100% used [0x000000076d380000,0x0000000779080000,0x0000000779080000)
  from space 10240K, 66% used [0x0000000779080000,0x000000077972a600,0x0000000779a80000)
  to   space 10240K, 0% used [0x000000077f300000,0x000000077f300000,0x000000077fd00000)
 ParOldGen       total 100352K, used 6579K [0x00000006c7a00000, 0x00000006cdc00000, 0x000000076d380000)
  object space 100352K, 6% used [0x00000006c7a00000,0x00000006c806cfb0,0x00000006cdc00000)
 Metaspace       used 27778K, capacity 28228K, committed 28288K, reserved 1073152K
  class space    used 3540K, capacity 3673K, committed 3712K, reserved 1048576K
Event: 5,747 GC heap after
Heap after GC invocations=9 (full 1):
 PSYoungGen      total 293888K, used 8429K [0x000000076d380000, 0x0000000780480000, 0x00000007c0000000)
  eden space 283648K, 0% used [0x000000076d380000,0x000000076d380000,0x000000077e880000)
  from space 10240K, 82% used [0x000000077f300000,0x000000077fb3b778,0x000000077fd00000)
  to   space 10752K, 0% used [0x000000077e880000,0x000000077e880000,0x000000077f300000)
 ParOldGen       total 100352K, used 6587K [0x00000006c7a00000, 0x00000006cdc00000, 0x000000076d380000)
  object space 100352K, 6% used [0x00000006c7a00000,0x00000006c806efb0,0x00000006cdc00000)
 Metaspace       used 27778K, capacity 28228K, committed 28288K, reserved 1073152K
  class space    used 3540K, capacity 3673K, committed 3712K, reserved 1048576K
}
Event: 6,953 GC heap before
{Heap before GC invocations=10 (full 1):
 PSYoungGen      total 293888K, used 116772K [0x000000076d380000, 0x0000000780480000, 0x00000007c0000000)
  eden space 283648K, 38% used [0x000000076d380000,0x0000000773d4d998,0x000000077e880000)
  from space 10240K, 82% used [0x000000077f300000,0x000000077fb3b778,0x000000077fd00000)
  to   space 10752K, 0% used [0x000000077e880000,0x000000077e880000,0x000000077f300000)
 ParOldGen       total 100352K, used 6587K [0x00000006c7a00000, 0x00000006cdc00000, 0x000000076d380000)
  object space 100352K, 6% used [0x00000006c7a00000,0x00000006c806efb0,0x00000006cdc00000)
 Metaspace       used 34786K, capacity 35272K, committed 35416K, reserved 1081344K
  class space    used 4340K, capacity 4475K, committed 4480K, reserved 1048576K
Event: 6,986 GC heap after
Heap after GC invocations=10 (full 1):
 PSYoungGen      total 294400K, used 10742K [0x000000076d380000, 0x0000000785480000, 0x00000007c0000000)
  eden space 283648K, 0% used [0x000000076d380000,0x000000076d380000,0x000000077e880000)
  from space 10752K, 99% used [0x000000077e880000,0x000000077f2fda30,0x000000077f300000)
  to   space 12800K, 0% used [0x0000000784800000,0x0000000784800000,0x0000000785480000)
 ParOldGen       total 100352K, used 8825K [0x00000006c7a00000, 0x00000006cdc00000, 0x000000076d380000)
  object space 100352K, 8% used [0x00000006c7a00000,0x00000006c829e770,0x00000006cdc00000)
 Metaspace       used 34786K, capacity 35272K, committed 35416K, reserved 1081344K
  class space    used 4340K, capacity 4475K, committed 4480K, reserved 1048576K
}
Event: 6,986 GC heap before
{Heap before GC invocations=11 (full 2):
 PSYoungGen      total 294400K, used 10742K [0x000000076d380000, 0x0000000785480000, 0x00000007c0000000)
  eden space 283648K, 0% used [0x000000076d380000,0x000000076d380000,0x000000077e880000)
  from space 10752K, 99% used [0x000000077e880000,0x000000077f2fda30,0x000000077f300000)
  to   space 12800K, 0% used [0x0000000784800000,0x0000000784800000,0x0000000785480000)
 ParOldGen       total 100352K, used 8825K [0x00000006c7a00000, 0x00000006cdc00000, 0x000000076d380000)
  object space 100352K, 8% used [0x00000006c7a00000,0x00000006c829e770,0x00000006cdc00000)
 Metaspace       used 34786K, capacity 35272K, committed 35416K, reserved 1081344K
  class space    used 4340K, capacity 4475K, committed 4480K, reserved 1048576K
Event: 7,155 GC heap after
Heap after GC invocations=11 (full 2):
 PSYoungGen      total 294400K, used 0K [0x000000076d380000, 0x0000000785480000, 0x00000007c0000000)
  eden space 283648K, 0% used [0x000000076d380000,0x000000076d380000,0x000000077e880000)
  from space 10752K, 0% used [0x000000077e880000,0x000000077e880000,0x000000077f300000)
  to   space 12800K, 0% used [0x0000000784800000,0x0000000784800000,0x0000000785480000)
 ParOldGen       total 161792K, used 17645K [0x00000006c7a00000, 0x00000006d1800000, 0x000000076d380000)
  object space 161792K, 10% used [0x00000006c7a00000,0x00000006c8b3b760,0x00000006d1800000)
 Metaspace       used 34786K, capacity 35272K, committed 35416K, reserved 1081344K
  class space    used 4340K, capacity 4475K, committed 4480K, reserved 1048576K
}
Event: 9,301 GC heap before
{Heap before GC invocations=12 (full 2):
 PSYoungGen      total 294400K, used 283648K [0x000000076d380000, 0x0000000785480000, 0x00000007c0000000)
  eden space 283648K, 100% used [0x000000076d380000,0x000000077e880000,0x000000077e880000)
  from space 10752K, 0% used [0x000000077e880000,0x000000077e880000,0x000000077f300000)
  to   space 12800K, 0% used [0x0000000784800000,0x0000000784800000,0x0000000785480000)
 ParOldGen       total 161792K, used 17645K [0x00000006c7a00000, 0x00000006d1800000, 0x000000076d380000)
  object space 161792K, 10% used [0x00000006c7a00000,0x00000006c8b3b760,0x00000006d1800000)
 Metaspace       used 47094K, capacity 47662K, committed 48088K, reserved 1091584K
  class space    used 6171K, capacity 6310K, committed 6400K, reserved 1048576K
Event: 9,329 GC heap after
Heap after GC invocations=12 (full 2):
 PSYoungGen      total 371712K, used 12799K [0x000000076d380000, 0x0000000785480000, 0x00000007c0000000)
  eden space 358912K, 0% used [0x000000076d380000,0x000000076d380000,0x0000000783200000)
  from space 12800K, 99% used [0x0000000784800000,0x000000078547fe80,0x0000000785480000)
  to   space 15360K, 0% used [0x0000000783680000,0x0000000783680000,0x0000000784580000)
 ParOldGen       total 161792K, used 21157K [0x00000006c7a00000, 0x00000006d1800000, 0x000000076d380000)
  object space 161792K, 13% used [0x00000006c7a00000,0x00000006c8ea94f0,0x00000006d1800000)
 Metaspace       used 47094K, capacity 47662K, committed 48088K, reserved 1091584K
  class space    used 6171K, capacity 6310K, committed 6400K, reserved 1048576K
}
Event: 11,779 GC heap before
{Heap before GC invocations=13 (full 2):
 PSYoungGen      total 371712K, used 371711K [0x000000076d380000, 0x0000000785480000, 0x00000007c0000000)
  eden space 358912K, 100% used [0x000000076d380000,0x0000000783200000,0x0000000783200000)
  from space 12800K, 99% used [0x0000000784800000,0x000000078547fe80,0x0000000785480000)
  to   space 15360K, 0% used [0x0000000783680000,0x0000000783680000,0x0000000784580000)
 ParOldGen       total 161792K, used 21157K [0x00000006c7a00000, 0x00000006d1800000, 0x000000076d380000)
  object space 161792K, 13% used [0x00000006c7a00000,0x00000006c8ea94f0,0x00000006d1800000)
 Metaspace       used 52242K, capacity 52868K, committed 53336K, reserved 1095680K
  class space    used 6879K, capacity 7029K, committed 7040K, reserved 1048576K
Event: 11,813 GC heap after
Heap after GC invocations=13 (full 2):
 PSYoungGen      total 378880K, used 14137K [0x000000076d380000, 0x000000078aa00000, 0x00000007c0000000)
  eden space 363520K, 0% used [0x000000076d380000,0x000000076d380000,0x0000000783680000)
  from space 15360K, 92% used [0x0000000783680000,0x000000078444e740,0x0000000784580000)
  to   space 16896K, 0% used [0x0000000789980000,0x0000000789980000,0x000000078aa00000)
 ParOldGen       total 161792K, used 21165K [0x00000006c7a00000, 0x00000006d1800000, 0x000000076d380000)
  object space 161792K, 13% used [0x00000006c7a00000,0x00000006c8eab4f0,0x00000006d1800000)
 Metaspace       used 52242K, capacity 52868K, committed 53336K, reserved 1095680K
  class space    used 6879K, capacity 7029K, committed 7040K, reserved 1048576K
}

